{"/Users/masonpott/Desktop/HR/FEC/overview/database/connection.js": {"path":"/Users/masonpott/Desktop/HR/FEC/overview/database/connection.js","statementMap":{"0":{"start":{"line":4,"column":22},"end":{"line":4,"column":42}},"1":{"start":{"line":5,"column":14},"end":{"line":5,"column":45}},"2":{"start":{"line":8,"column":18},"end":{"line":13,"column":2}},"3":{"start":{"line":16,"column":0},"end":{"line":23,"column":5}},"4":{"start":{"line":19,"column":4},"end":{"line":19,"column":65}},"5":{"start":{"line":22,"column":4},"end":{"line":22,"column":61}},"6":{"start":{"line":26,"column":0},"end":{"line":26,"column":27}}},"fnMap":{"0":{"name":"(anonymous_0)","decl":{"start":{"line":18,"column":8},"end":{"line":18,"column":9}},"loc":{"start":{"line":18,"column":14},"end":{"line":20,"column":3}},"line":18},"1":{"name":"(anonymous_1)","decl":{"start":{"line":21,"column":9},"end":{"line":21,"column":10}},"loc":{"start":{"line":21,"column":18},"end":{"line":23,"column":3}},"line":21}},"branchMap":{},"s":{"0":1,"1":1,"2":1,"3":1,"4":1,"5":0,"6":1},"f":{"0":1,"1":0},"b":{},"_coverageSchema":"1a1c01bbd47fc00a2c39e90264f33305004495a9","hash":"26894f5ec3585f66a399c97bec251675e210057d"}
,"/Users/masonpott/Desktop/HR/FEC/overview/database/database.config.js": {"path":"/Users/masonpott/Desktop/HR/FEC/overview/database/database.config.js","statementMap":{"0":{"start":{"line":1,"column":0},"end":{"line":6,"column":2}}},"fnMap":{},"branchMap":{},"s":{"0":1},"f":{},"b":{},"_coverageSchema":"1a1c01bbd47fc00a2c39e90264f33305004495a9","hash":"694306b8ff6db7e4bb43da1da7f2b91318ba1967"}
,"/Users/masonpott/Desktop/HR/FEC/overview/database/models/icons.model.js": {"path":"/Users/masonpott/Desktop/HR/FEC/overview/database/models/icons.model.js","statementMap":{"0":{"start":{"line":2,"column":18},"end":{"line":2,"column":38}},"1":{"start":{"line":3,"column":18},"end":{"line":3,"column":45}},"2":{"start":{"line":6,"column":14},"end":{"line":29,"column":2}},"3":{"start":{"line":31,"column":0},"end":{"line":38,"column":2}},"4":{"start":{"line":32,"column":2},"end":{"line":37,"column":3}},"5":{"start":{"line":33,"column":4},"end":{"line":33,"column":32}},"6":{"start":{"line":34,"column":4},"end":{"line":34,"column":49}},"7":{"start":{"line":36,"column":4},"end":{"line":36,"column":47}},"8":{"start":{"line":40,"column":0},"end":{"line":40,"column":23}}},"fnMap":{"0":{"name":"(anonymous_0)","decl":{"start":{"line":31,"column":19},"end":{"line":31,"column":20}},"loc":{"start":{"line":31,"column":38},"end":{"line":38,"column":1}},"line":31}},"branchMap":{},"s":{"0":1,"1":1,"2":1,"3":1,"4":0,"5":0,"6":0,"7":0,"8":1},"f":{"0":0},"b":{},"_coverageSchema":"1a1c01bbd47fc00a2c39e90264f33305004495a9","hash":"23c9b9d93848e0f08936dadc41419ff153f38a4f"}
,"/Users/masonpott/Desktop/HR/FEC/overview/database/models/overview.model.js": {"path":"/Users/masonpott/Desktop/HR/FEC/overview/database/models/overview.model.js","statementMap":{"0":{"start":{"line":1,"column":18},"end":{"line":1,"column":38}},"1":{"start":{"line":2,"column":18},"end":{"line":2,"column":45}},"2":{"start":{"line":5,"column":17},"end":{"line":68,"column":2}},"3":{"start":{"line":70,"column":0},"end":{"line":77,"column":2}},"4":{"start":{"line":71,"column":2},"end":{"line":76,"column":3}},"5":{"start":{"line":72,"column":4},"end":{"line":72,"column":36}},"6":{"start":{"line":73,"column":4},"end":{"line":73,"column":50}},"7":{"start":{"line":75,"column":4},"end":{"line":75,"column":35}},"8":{"start":{"line":79,"column":0},"end":{"line":87,"column":2}},"9":{"start":{"line":80,"column":2},"end":{"line":86,"column":3}},"10":{"start":{"line":81,"column":28},"end":{"line":81,"column":89}},"11":{"start":{"line":82,"column":4},"end":{"line":82,"column":55}},"12":{"start":{"line":83,"column":4},"end":{"line":83,"column":27}},"13":{"start":{"line":85,"column":4},"end":{"line":85,"column":53}},"14":{"start":{"line":89,"column":0},"end":{"line":89,"column":26}}},"fnMap":{"0":{"name":"(anonymous_0)","decl":{"start":{"line":70,"column":21},"end":{"line":70,"column":22}},"loc":{"start":{"line":70,"column":41},"end":{"line":77,"column":1}},"line":70},"1":{"name":"(anonymous_1)","decl":{"start":{"line":79,"column":30},"end":{"line":79,"column":31}},"loc":{"start":{"line":79,"column":52},"end":{"line":87,"column":1}},"line":79}},"branchMap":{},"s":{"0":1,"1":1,"2":1,"3":1,"4":0,"5":0,"6":0,"7":0,"8":1,"9":0,"10":0,"11":0,"12":0,"13":0,"14":1},"f":{"0":0,"1":0},"b":{},"_coverageSchema":"1a1c01bbd47fc00a2c39e90264f33305004495a9","hash":"d2818d72346399cabcdf58c7f5cba09c995e6d17"}
,"/Users/masonpott/Desktop/HR/FEC/overview/server/server.js": {"path":"/Users/masonpott/Desktop/HR/FEC/overview/server/server.js","statementMap":{"0":{"start":{"line":2,"column":16},"end":{"line":2,"column":34}},"1":{"start":{"line":4,"column":11},"end":{"line":4,"column":47}},"2":{"start":{"line":5,"column":0},"end":{"line":5,"column":56}},"3":{"start":{"line":6,"column":0},"end":{"line":6,"column":62}},"4":{"start":{"line":9,"column":12},"end":{"line":9,"column":21}},"5":{"start":{"line":11,"column":0},"end":{"line":11,"column":41}},"6":{"start":{"line":12,"column":0},"end":{"line":12,"column":48}},"7":{"start":{"line":13,"column":0},"end":{"line":13,"column":24}},"8":{"start":{"line":15,"column":0},"end":{"line":15,"column":67}},"9":{"start":{"line":16,"column":0},"end":{"line":16,"column":67}},"10":{"start":{"line":18,"column":0},"end":{"line":27,"column":3}},"11":{"start":{"line":19,"column":21},"end":{"line":19,"column":41}},"12":{"start":{"line":20,"column":2},"end":{"line":26,"column":7}},"13":{"start":{"line":22,"column":6},"end":{"line":22,"column":29}},"14":{"start":{"line":25,"column":6},"end":{"line":25,"column":44}},"15":{"start":{"line":29,"column":0},"end":{"line":31,"column":3}},"16":{"start":{"line":30,"column":2},"end":{"line":30,"column":41}},"17":{"start":{"line":33,"column":0},"end":{"line":33,"column":21}}},"fnMap":{"0":{"name":"(anonymous_0)","decl":{"start":{"line":18,"column":27},"end":{"line":18,"column":28}},"loc":{"start":{"line":18,"column":41},"end":{"line":27,"column":1}},"line":18},"1":{"name":"(anonymous_1)","decl":{"start":{"line":21,"column":10},"end":{"line":21,"column":11}},"loc":{"start":{"line":21,"column":28},"end":{"line":23,"column":5}},"line":21},"2":{"name":"(anonymous_2)","decl":{"start":{"line":24,"column":11},"end":{"line":24,"column":12}},"loc":{"start":{"line":24,"column":20},"end":{"line":26,"column":5}},"line":24},"3":{"name":"(anonymous_3)","decl":{"start":{"line":29,"column":17},"end":{"line":29,"column":18}},"loc":{"start":{"line":29,"column":23},"end":{"line":31,"column":1}},"line":29}},"branchMap":{},"s":{"0":1,"1":1,"2":1,"3":1,"4":1,"5":1,"6":1,"7":1,"8":1,"9":1,"10":1,"11":3,"12":3,"13":3,"14":0,"15":1,"16":1,"17":1},"f":{"0":3,"1":3,"2":0,"3":1},"b":{},"_coverageSchema":"1a1c01bbd47fc00a2c39e90264f33305004495a9","hash":"c18037dc559113993627ea8e201c13deeac68e1f"}
}
