TN:
SF:database/connection.js
FN:18,(anonymous_0)
FN:21,(anonymous_1)
FNF:2
FNH:0
FNDA:0,(anonymous_0)
FNDA:0,(anonymous_1)
DA:4,1
DA:5,1
DA:8,1
DA:16,1
DA:19,0
DA:22,0
DA:26,1
LF:7
LH:5
BRF:0
BRH:0
end_of_record
TN:
SF:database/database.config.js
FNF:0
FNH:0
DA:1,1
LF:1
LH:1
BRF:0
BRH:0
end_of_record
TN:
SF:database/models/icons.model.js
FN:31,(anonymous_0)
FNF:1
FNH:0
FNDA:0,(anonymous_0)
DA:2,1
DA:3,1
DA:6,1
DA:31,1
DA:32,0
DA:33,0
DA:34,0
DA:36,0
DA:40,1
LF:9
LH:5
BRF:0
BRH:0
end_of_record
TN:
SF:database/models/overview.model.js
FN:70,(anonymous_0)
FN:79,(anonymous_1)
FNF:2
FNH:0
FNDA:0,(anonymous_0)
FNDA:0,(anonymous_1)
DA:1,1
DA:2,1
DA:5,1
DA:70,1
DA:71,0
DA:72,0
DA:73,0
DA:75,0
DA:79,1
DA:80,0
DA:81,0
DA:82,0
DA:83,0
DA:85,0
DA:89,1
LF:15
LH:6
BRF:0
BRH:0
end_of_record
TN:
SF:server/server.js
FN:18,(anonymous_0)
FN:21,(anonymous_1)
FN:24,(anonymous_2)
FN:29,(anonymous_3)
FNF:4
FNH:3
FNDA:1,(anonymous_0)
FNDA:1,(anonymous_1)
FNDA:0,(anonymous_2)
FNDA:1,(anonymous_3)
DA:2,1
DA:4,1
DA:5,1
DA:6,1
DA:9,1
DA:11,1
DA:12,1
DA:13,1
DA:15,1
DA:16,1
DA:18,1
DA:19,1
DA:20,1
DA:22,1
DA:25,0
DA:29,1
DA:30,1
DA:33,1
LF:18
LH:17
BRF:0
BRH:0
end_of_record
